app/build/intermediates/manifest_merge_blame_file/debug/manifest-merger-blame-debug-report.txt
1<?xml version="1.0" encoding="utf-8"?>
2<manifest xmlns:android="http://schemas.android.com/apk/res/android"
3    package="com.termo1.radar"
4    android:versionCode="11"
5    android:versionName="0.1.5" >
6
7    <uses-sdk
8        android:minSdkVersion="26"
9        android:targetSdkVersion="34" />
10
11    <!-- Permissions -->
12    <uses-permission android:name="android.permission.WAKE_LOCK" />
12-->src/main/AndroidManifest.xml:5:5-68
12-->src/main/AndroidManifest.xml:5:22-65
13    <uses-permission android:name="android.permission.VIBRATE" />
13-->src/main/AndroidManifest.xml:6:5-66
13-->src/main/AndroidManifest.xml:6:22-63
14    <uses-permission android:name="android.permission.ACCESS_FINE_LOCATION" />
14-->src/main/AndroidManifest.xml:7:5-79
14-->src/main/AndroidManifest.xml:7:22-76
15    <uses-permission android:name="android.permission.ACCESS_COARSE_LOCATION" />
15-->src/main/AndroidManifest.xml:8:5-81
15-->src/main/AndroidManifest.xml:8:22-78
16    <uses-permission android:name="android.permission.FOREGROUND_SERVICE" />
16-->src/main/AndroidManifest.xml:9:5-77
16-->src/main/AndroidManifest.xml:9:22-74
17    <uses-permission android:name="android.permission.FOREGROUND_SERVICE_LOCATION" />
17-->src/main/AndroidManifest.xml:10:5-86
17-->src/main/AndroidManifest.xml:10:22-83
18    <uses-permission android:name="android.permission.POST_NOTIFICATIONS" />
18-->src/main/AndroidManifest.xml:11:5-77
18-->src/main/AndroidManifest.xml:11:22-74
19
20    <!-- Hardware features -->
21    <uses-feature
21-->src/main/AndroidManifest.xml:14:5-94
22        android:name="android.hardware.sensor.pressure"
22-->src/main/AndroidManifest.xml:14:19-66
23        android:required="false" />
23-->src/main/AndroidManifest.xml:14:67-91
24    <uses-feature
24-->src/main/AndroidManifest.xml:15:5-98
25        android:name="android.hardware.sensor.accelerometer"
25-->src/main/AndroidManifest.xml:15:19-71
26        android:required="true" />
26-->src/main/AndroidManifest.xml:15:72-95
27    <uses-feature
27-->src/main/AndroidManifest.xml:16:5-95
28        android:name="android.hardware.sensor.gyroscope"
28-->src/main/AndroidManifest.xml:16:19-67
29        android:required="false" />
29-->src/main/AndroidManifest.xml:16:68-92
30
31    <application
31-->src/main/AndroidManifest.xml:18:5-58:19
32        android:allowBackup="false"
32-->src/main/AndroidManifest.xml:19:9-36
33        android:appComponentFactory="androidx.core.app.CoreComponentFactory"
33-->[androidx.core:core:1.2.0] AndroidManifest.xml:24:18-86
34        android:configChanges="orientation|screenSize"
34-->src/main/AndroidManifest.xml:23:9-55
35        android:debuggable="true"
36        android:extractNativeLibs="false"
37        android:label="@string/app_name"
37-->src/main/AndroidManifest.xml:20:9-41
38        android:supportsRtl="true"
38-->src/main/AndroidManifest.xml:21:9-35
39        android:theme="@style/Theme.Termo1" >
39-->src/main/AndroidManifest.xml:22:9-44
40
41        <!-- Main activity — launcher, portrait, keep screen on -->
42        <activity
42-->src/main/AndroidManifest.xml:26:9-36:20
43            android:name="com.termo1.radar.MainActivity"
43-->src/main/AndroidManifest.xml:27:13-41
44            android:exported="true"
44-->src/main/AndroidManifest.xml:28:13-36
45            android:keepScreenOn="true"
45-->src/main/AndroidManifest.xml:31:13-40
46            android:launchMode="singleTask"
46-->src/main/AndroidManifest.xml:29:13-44
47            android:screenOrientation="portrait" >
47-->src/main/AndroidManifest.xml:30:13-49
48            <intent-filter>
48-->src/main/AndroidManifest.xml:32:13-35:29
49                <action android:name="android.intent.action.MAIN" />
49-->src/main/AndroidManifest.xml:33:17-69
49-->src/main/AndroidManifest.xml:33:25-66
50
51                <category android:name="android.intent.category.LAUNCHER" />
51-->src/main/AndroidManifest.xml:34:17-77
51-->src/main/AndroidManifest.xml:34:27-74
52            </intent-filter>
53        </activity>
54
55        <!-- Settings activity — portrait, no action bar, immersive -->
56        <activity
56-->src/main/AndroidManifest.xml:39:9-43:51
57            android:name="com.termo1.radar.ui.SettingsActivity"
57-->src/main/AndroidManifest.xml:40:13-48
58            android:exported="false"
58-->src/main/AndroidManifest.xml:41:13-37
59            android:screenOrientation="portrait"
59-->src/main/AndroidManifest.xml:42:13-49
60            android:theme="@style/Theme.Termo1" />
60-->src/main/AndroidManifest.xml:43:13-48
61
62        <!-- File provider for sharing logs (no AndroidX dependency) -->
63        <provider
64            android:name="com.termo1.radar.Termo1FileProvider"
64-->src/main/AndroidManifest.xml:47:13-47
65            android:authorities="com.termo1.radar.fileprovider"
65-->src/main/AndroidManifest.xml:48:13-64
66            android:exported="false"
66-->src/main/AndroidManifest.xml:49:13-37
67            android:grantUriPermissions="true" />
67-->src/main/AndroidManifest.xml:50:13-47
68
69        <!-- Foreground service для работы в фоне -->
70        <service
70-->src/main/AndroidManifest.xml:53:9-56:56
71            android:name="com.termo1.radar.ThermalRadarService"
71-->src/main/AndroidManifest.xml:54:13-48
72            android:exported="false"
72-->src/main/AndroidManifest.xml:55:13-37
73            android:foregroundServiceType="location" />
73-->src/main/AndroidManifest.xml:56:13-53
74
75        <activity
75-->[com.google.android.gms:play-services-base:18.1.0] AndroidManifest.xml:20:9-22:45
76            android:name="com.google.android.gms.common.api.GoogleApiActivity"
76-->[com.google.android.gms:play-services-base:18.1.0] AndroidManifest.xml:20:19-85
77            android:exported="false"
77-->[com.google.android.gms:play-services-base:18.1.0] AndroidManifest.xml:22:19-43
78            android:theme="@android:style/Theme.Translucent.NoTitleBar" />
78-->[com.google.android.gms:play-services-base:18.1.0] AndroidManifest.xml:21:19-78
79
80        <meta-data
80-->[com.google.android.gms:play-services-basement:18.1.0] AndroidManifest.xml:21:9-23:69
81            android:name="com.google.android.gms.version"
81-->[com.google.android.gms:play-services-basement:18.1.0] AndroidManifest.xml:22:13-58
82            android:value="@integer/google_play_services_version" />
82-->[com.google.android.gms:play-services-basement:18.1.0] AndroidManifest.xml:23:13-66
83    </application>
84
85</manifest>